500
480 2240 7233 4985 1668 6213 8841 3146 6859 4140 8750 1423 9265 6547 7414 6519 854 9305 2263
14 3297 7713 321 3557 7174 5547 366 1423 7699 949 7382 7414 7642 5948 3743
198 8674 8549 5350 1534 2124 1423 915 5941 4086 9013 5754 4766
52 450 8483 9827 9123 7012 935 5678 1423 8175 5522 3637 246 9013 3417 2203 8125
456 7233 1668 6920 5547 4683 6607 1423 3375 9265 7925 1208 7642 7611 8125
111 7174 8040 6920 7115 3660 815 1423 5679 5330 6351 1908 7413 9688 9305 8125
343 4704 3297 7233 3557 8040 4938 6413 4558 5135 1423 3536 4821 5754
478 7713 2279 5704 779 1423 6607 5679 7503 728 5715 790 3895 9688 4060
78 1336 5059 2406 7399 1496 6054 5547 7949 8750 1423 3375 4721 4340 3895 9688 9305
120 8674 9666 8994 7115 6413 8750 1423 1262 1908 949 3766 3637 6295 6014 2111
32 2240 450 2918 5097 6859 4140 9102 815 1423 6639 9199 915 1908 854 7736 1181
291 3745 2406 2279 4938 5547 9102 1423 4721 7414 2263 7228
2 4704 8416 8674 450 4683 779 141 5135 1423 9007 4086 2111
320 3543 4644 3557 3146 7437 1423 3536 5941 246 790 7382 854
430 3843 4293 2406 871 6506 2314 5135 1423 4721 412 4541
188 8416 3074 5155 8549 5350 1032 141 1423 3153 5941 7352 6265 412
65 7233 3074 4644 4356 4486 3079 5769 8841 6859 1423 3536 1072 6224 6547 7413 246 4766
391 8416 6020 8549 935 3017 6506 366 1423 3375 1042 3637 2741 8885 9305 1181
316 5059 4644 4293 1796 4356 4938 6859 10 6698 1423 6257 1905 7474 790 5880
399 9442 8994 4039 3017 2764 6413 3885 6607 1423 2486 790 4086 6265 1309
383 3392 3745 6213 8549 3079 935 6506 1423 7215 6257 1908 7414 1625 8125
218 5634 5059 8040 1323 6379 8683 4558 1423 915 7414 6519 4027 3453
61 5634 2918 935 5097 7736 4683 1423 7215 6257 4880 5359 4340 6547 3895 728 2203 1181
152 3297 1195 7340 6351 1423 3888 9968 7925 790 6267 8895
60 3074 5795 5350 8615 360 5769 6698 7215 1423 5522 2515 2486
284 5825 9636 6213 232 6267 1423 7762 8469 728 1625 5754 7611 4060
351 3297 3745 450 6020 7174 4039 4326 5097 6379 5547 815 1423 1905 7474 7925 790
179 4704 5097 3660 1423 3536 9199 6258 7762 949 2486 5941 9305 5692 8895
99 3745 8674 7459 6468 10 1323 3660 2764 9102 815 1423 1072 7474 9139 8722 3637 9013
106 6213 7174 2279 7115 6859 5547 8750 815 1423 9199 2515 6101 7413 9688
109 1032 7434 1423 790 935 2856 7474 4541 6468 4039 5704 6859 2764 6224 5715 8674 360 9199 246 1020
272 8768 1796 4039 6698 3146 7215 1423 5679 6224 9265 6226 949 854 1625 7699 6265 5715 5948
287 6265 9636 4039 6859 141 1423 5359 8885 7414 6425 7642
16 3074 5059 8994 4293 7174 4326 6249 4938 6379 6859 7434 9199 1905 7474 6226 4985
245 3362 2 4293 2406 6457 1262 7215 5682 9301 6425 191
257 4704 8674 4356 8549 4293 6859 5547 3660 6257 7762 915 7925 949
70 3392 4704 8994 5059 5155 4293 1956 815 3536 979 7285 7414 9688 7228
192 4704 2 4356 6213 4293 5547 8750 6607 2515 8469 2741 4060
410 8674 4293 2406 871 360 3146 779 7437 6351 6265
20 4293 6859 523 3153 2515 7414 854 728 4761 6267 4060 3453
56 8579 4293 871 7399 6379 7215 6607 9265 7474 2515 246 3543 7228 3005
251 3297 6265 9666 4356 4293 4326 6920 7434 1935 8125 6226 3766 4761 4541 4766 8895
58 482 4293 2406 1383 7115 779 366 3375 1072 5359 7925 4027 5948
42 9666 4293 3557 2279 8040 8841 6379 8750 4558 6258 915 8469 1181
3 5634 1796 4293 871 8040 5097 6506 1323 6379 3079 935 4880 1905 6258 7413 4985 3005 3743
62 2240 5155 4293 2918 6698 6379 5547 6267 2764 815 7503 4340 7413 4985 7611 4541
24 7459 4293 8111 6224 7474 4761 5522 5941 3766 7413 7352 6425 5715 5948
0 578 4293 4486 5097 4938 1195 7437 7949 7474 6101 7414 854 3766 1020 4541
395 4704 2340 4293 6054 4039 1032 6506 5679 3536 5359 5330 3453 246 6519 5880 1181
474 4293 2406 871 4486 1032 232 4683 8750 6257 7285 4985 5754 4541
312 7233 9123 8549 4293 5509 5929 6956 2289 2962 6101 4086 6519 1336 1273 6295
365 5634 3362 4293 6054 7399 8140 6607 79 1905 7925 246 3895 728 9301 6295
334 1668 1032 5522 790 8994 1336 5948 7233 9666 6468 4293 3012 4039 8549 7399 1383 6506 1905 7285
498 3392 4929 2240 4293 779 5547 5679 1905 8469 7382 3895 2263 412 3005
134 7232 5795 8835 4293 2918 8175 5359 246 3417 1309 1534
124 5155 1956 4293 2406 8615 6054 779 1323 7340 4558 7215 79 949 6519 1208 6014
127 5634 2340 8549 4293 871 1668 5097 7434 7115 6698 8750 5135 815 3895 4985 3005
82 482 8835 8579 4293 8387 5929 4588 4814 6226 854 5692
50 321 4293 7174 4938 779 6607 5679 6547 1908 3637 9688 1208
143 4929 4293 745 779 3885 7215 8722 915 1908 7925 9013 2586 3743
153 321 482 4293 4486 4326 7115 3885 9102 5135 6351 5330 7699 7925 7382
30 5059 1796 4293 6054 7399 4938 1323 523 3375 5330 915 790 854 1496 6170 1181
488 3297 4293 7399 779 366 8750 6224 9968 6101 790 4027 7228 3743
150 4929 5634 482 3843 9666 1668 6249 5769 4060 8140 3885 6257 7762 9013 3766 1336 6267 5948
193 321 578 4356 6054 935 7434 779 7115 8750 5135 6607 6257 9102 7474
167 5825 482 8615 360 4683 6257 7699 7925 246 7352 9305
268 5825 578 3557 2279 4039 7434 1323 7736 9102 3375 6351 6257 915 979 3637 1208 4027
336 578 4644 3012 871 4938 3885 5135 6607 6257 4340 8469 7413 7611
166 8768 2240 5634 3362 450 1956 2406 2 6698 5547 6267 7215 6257 1208 9305 7611
155 1796 6020 4486 7434 2962 3743 1956 3375 9139 1208 6468 6213 854 3543 9305 3557 2406 8040 6257
222 321 9442 8549 2856 4076 141 4814 6639 2203 6257 7949 4821 5754 6267
69 3297 3557 7174 712 5547 7340 2061 2764 6257 6258 3153 949 1181 9305 3005 6014
140 6265 2406 7399 745 8683 5359 3888 6257 4761 8722 6101 6425 5754
286 9123 232 3464 4140 4588 5678 7215 6257 4721 4086 3543
21 8768 9442 8040 712 6859 5135 9968 6257 2515 9139 1208 7642 4027 7228 3743
146 7459 7174 2918 8750 4558 5679 6257 7642 9301 9305 2586 1181
76 3392 2240 450 3074 5509 7399 8040 779 7115 366 815 6257 4721 7474 9265 3895 6519
138 578 6020 6213 1323 8140 3375 4880 6257 3153 4340 8469 3543 7611 7228 3005 3743
98 5634 578 3843 3557 10 7115 6413 5135 6257 7474 3895 7352 6267 6014
254 9636 1668 8615 232 6859 4140 141 2669 6257 2034 7413 6265 6170 1181
433 6468 4039 6920 3885 6607 5679 6257 2962 915 1908 7925 8469 6101
241 578 3079 232 5769 745 5547 9035 5359 4880 6257 8469 246 1208 4761
384 578 6020 3557 1383 2856 6920 6859 4558 5135 3536 6257 3375 7503 9139 2586 3005 4541
151 4704 3012 3079 2856 10 6379 1625 6257 5330 9139 1908 8469 7382 3895 9688 2486 250
414 7810 9442 8098 9123 6859 5678 6257 6226 5941 3637 7642 8125
18 6054 3079 232 10 7434 4140 9102 1072 6257 5522 7699 4821 246 728 412 7352 1439
463 3745 578 7459 6213 871 7399 6506 6379 7115 3146 1625 6257 1905 5880 4340 9688 9305
269 3392 1796 3557 1668 935 6506 6379 523 366 6257 7474 915 6226 7414 1336 3005
264 9442 5059 1796 6468 7012 4326 2 7434 6859 815 3536 6257 1908 7414
390 3392 4704 1336 1956 5948 935 6249 1020 366 6257 790 7382 9688 2203 5692 3005
327 3745 578 6054 7399 6920 7434 7437 4558 8125 1072 5330 1042 1908 8469 790 6170 3005
466 3745 3543 8579 3464 296 4938 9450 8140 2289 5715 6295 6457 1084 3005
200 6920 7434 5135 3743 935 815 5948 7228 3005 5059 6859 3660 8140 6226 4060 4326 6506 4340 4985
35 8674 9666 7012 8549 10 7115 8140 2061 4558 2764 1905 5522 9139 3637 2741 9301 728 3005
51 3392 482 450 2279 7399 6506 779 4721 8722 4821 2486 7736 3005
239 5825 9636 3557 4326 8040 6698 2124 2061 8750 141 5330 5715 1336 3005
303 4541 5059 9636 3012 8750 5679 7503 1905 6224 9265 6226 7736 4985 3005 3743
319 5825 482 5059 6213 6698 7437 79 4721 915 2515 3005
467 3297 5634 5795 5350 745 8175 5359 3153 273 1336 6457 1309 3005
59 9666 4356 5769 8841 1323 2061 8750 7642 5522 6101 2586 1020 3005
401 3843 5769 141 6054 2856 5679 7474 9139 3005 4929 2764 6224 6226 5715 7382 2263 9688 2034 6519
358 8768 578 2602 9035 4814 8175 1935 9265 8722 246 6519 4027 3005
57 9442 9636 360 6249 3017 9450 6351 5135 273 2263 9688 3005
45 3297 578 7713 2 2279 779 6859 366 6607 4558 6258 1908 6101 246 9688 4985 3005
13 3012 8549 4326 871 8040 6379 3885 366 7215 915 8469 7925 949 3005
49 2240 4929 5795 1323 7503 5359 2111 6519 9305 6170 6267 5692 3005 191
357 8994 3012 712 3017 7736 7437 5135 5941 7382 3766 1336 3005 191
4 1668 6213 7434 1323 8140 7736 4558 5135 815 7215 79 8469 4821 949 9688 9305 7611 3005
386 7713 7459 1796 3557 8549 7399 3843 8841 6020 3536 2515 949 7414 6519 7352 5307 3005
1 4704 578 482 4644 1796 4356 3079 1956 1383 9968 2586 7228 4541 5692 3743
87 3745 482 4644 1796 7115 5135 1072 7762 7414 854 7228 1181
244 3362 4644 2406 5350 6249 2124 2061 5679 815 9265 9139 9301 1496 6170
470 2 4644 5509 4039 8615 6506 5754 6425 7642 5307 5692
101 578 4644 6468 2918 1032 4558 6226 7925 8469 7413 7736 7228
335 7233 8483 4644 8835 4486 3079 2856 712 10 1383 6956 2669 6226 979 2741 2486 2111
105 3392 4644 3079 6506 3660 79 4880 7474 1908 4821 6101 7228 3743
97 5155 4644 3557 1956 6054 8040 360 7012 6859 8140 8722 1908 8387 6519 7352 7611 5692
88 7459 4644 5948 1323 3660 815 7215 915 9139 2486 3895 1208 7611 7228 1534
256 4644 7174 7340 2061 5359 1042 5941 5754 2586 3453
117 8674 7459 4644 1956 5350 4039 3464 6054 935 7340 8140 815 273 7474 7762 949 1336 1625
141 3297 578 450 4644 6213 7174 7115 7215 79 9265 915 790 1625 3743
426 7713 5795 4644 9636 5350 2263 745 10 3660 3153 4340 6519 7736 6425 5754
339 4704 5825 8416 7459 4644 6506 815 6224 9199 6226 2515 7228
220 7233 4644 1796 4486 6468 2918 6920 7736 6859 7949 366 7503 4880 9265 5330 1336
469 8994 4644 7012 5350 712 6506 6956 2669 9102 8175 5535
452 321 4644 4039 935 6249 5547 4140 8722 7925 6519 728 4060 7352
43 3297 5634 4644 8549 7174 3079 232 4134 366 4721 6258 5330 949 412
186 4704 3297 5825 4644 1796 3012 712 6249 10 6224 4721 6519 5948
135 7713 5634 3074 4644 4356 2406 2279 6054 6506 6607 3375 1072 9007
209 4929 7810 450 4644 6170 5704 2314 4076 6351 7474 7699 5754 2263 2586
250 4644 1796 4140 6607 5679 4880 3153 2515 7762 7285 2586 5692
178 4704 5634 4644 6920 6249 779 4683 3885 9102 7762 3766 1496 4027
171 5825 9666 5795 4644 3362 3079 3660 141 4076 4814 2962 4340 8469 7413 1439
360 4644 3557 2918 1668 3660 3885 6607 6351 4721 6639 979 854 3895 1496 4985
487 3745 3297 5059 4929 1032 5097 7434 7949 8750 815 6639 728 5754 1020
362 578 482 5155 5097 6506 6859 7340 6698 366 3536 9968 2034 2741
165 8674 8615 2856 5097 6920 2764 7215 5135 9265 5522 6547 1908 3543 1208 8895
333 7459 8549 2406 5097 10 4140 7437 6351 6224 9265 2515 6547 22 728 4027 3453
168 8768 7459 2340 5509 3012 7399 3079 5097 5704 1323 7115 3660 7340 2764 4880 7414 4541
302 5059 5097 745 779 6413 815 6351 7503 6224 8722 2586 6267 5692
382 8098 8549 4027 296 5097 2408 4880 1072 2289 979 2962 4693 7413 2203 1084 2111
261 9728 790 3637 3766 5948 4683 8140 2764 6351 9688 8416 482 1383 5097 2669 1262 5880 1020 3453
211 8768 3297 5634 8483 8549 2918 3464 5097 712 141 2034 8722 8125
347 5634 4486 871 935 5097 7949 815 3536 4721 1072 4340 1336 9305 2586 4541
292 8416 3745 9666 7012 5509 3464 5097 8841 6859 5547 3885 366 6351 4721 7699 6425 5948 191
235 9666 5059 3843 5097 3660 4140 7215 728 4761 5754
170 6054 3079 5097 8841 3146 4140 2061 4880 1908 7925 949 6519 3766 3637 5692
107 8674 1956 6020 360 5097 6506 4140 8140 7503 9007 6226 1042 4821 2486 854 9688 2586
280 321 4039 5097 6249 1323 366 5679 4880 2515 6547 4821 7414 4086 7228
400 8416 4929 482 3362 7233 9123 6054 8615 1383 5097 5929 141 3024 9968 8885 854 6170
201 3392 4704 5059 6170 7174 4486 5097 6698 7437 3375 6258 7474 7699 6101 5754 8125
375 4704 2340 6213 232 5097 5769 523 7503 3536 1072 6639 6170 8895
40 3745 7174 5704 5097 8841 3146 7215 1905 4721 9265 5522 2034 7762 3895 1625 4766 3743
398 5825 6265 321 4039 232 5097 8841 1323 5547 4683 745 6607 5941 4761
403 8098 8579 4356 3079 5097 9450 4076 4588 2863 6258 2555 7736 7611 5692 1309
418 5825 578 9827 9636 3074 5097 5135 7474 2555 728 6457 4027 5535
277 3745 3362 5059 9636 6054 4039 8040 5097 7434 2856 523 6607 1905 6258 6226 3637 191
9 6020 8722 6425 3743 7459 2340 7340 7352 3146 4558 6224 3153 5330 6226 1496 4704 482 5097 6258
172 6020 3079 7434 1935 8722 1042 4761 4766 3743 8615 3885 1336 8768 321 5059 5704 3660 5097 7285
237 4704 4356 9636 2406 4134 5097 7434 5547 9102 8750 9007 273 979 4821 6425 1181
159 4388 296 5097 5929 2408 2764 6639 2863 9935 979 7156 4693 4086
329 3297 9123 1439 5929 779 366 8175 1625 2962 6457 412 5535
224 3297 4985 6213 3079 8040 4938 7215 6607 1905 1042 915 79 7736 9305 7611 1181
108 4704 3297 482 1668 8040 232 7437 4880 3888 5522 7699 7642 4541
322 8768 3297 6468 8549 935 4938 7437 7925 9013 3895 1208 3743
370 3297 482 3362 7233 6213 2918 450 3660 366 5679 9007 1042 6519 728 3453
415 8768 3297 8674 8579 1796 6213 7174 7399 360 4326 10 935 6425
352 3297 578 8674 4356 3843 4929 3017 5682 6547 5715 854 4086 1336 1625 7352
23 3297 450 4486 2279 7399 779 1323 6379 6639 1905 949 7382 6519 2555
493 4929 3297 745 2314 7437 4814 6413 1908 9013 1496 6425 1309 1439
363 9728 141 7699 6425 1439 7459 9123 1956 6054 296 6698 6956 4814 2263 1496 3297 8674 6258 4985
223 3297 4929 9827 6468 1796 8387 7399 3464 5929 7215 5359 3766 4086 2263
226 3297 9666 5795 1956 6213 4134 871 3074 6249 4938 5679 3888 7762 2741 246 2486 4766 3743
125 3297 3745 1796 2406 3079 6425 523 3375 1072 7503 6258 79 246 7414 9305 4541
207 3297 3362 6468 7174 2918 2856 1323 7115 5679 6351 8469 7642
425 3297 1439 5359 3888 5682 915 7762 4821 7382 7413 7228 8895
145 3297 4985 8549 6607 5330 2515 7925 7414 6519 9301 9305
267 2240 3297 5634 482 9827 5509 7174 8615 3074 2340 4588 79 2962 854 4027
232 4929 8098 6213 8549 3464 9450 523 7340 1084 1042 1020 8125 3743
227 3392 2240 8549 4027 712 5769 7340 8140 9102 6224 5754 6267 1534
191 8416 7713 8674 8549 8040 712 3146 779 745 5135 3375 2515 4821 4766
406 5634 8549 4486 7399 4938 4558 6607 5679 9265 9199 9968 7413 7414 7611 3743
7 8387 8549 2279 2856 8841 815 3536 1905 5330 6351 9139 8469 3895 9688 1208 3743
114 5634 7459 5155 8549 7174 4039 7215 815 5330 979 4340 4821 2486 3895
265 8674 5155 8387 8549 7434 9450 4588 3885 1262 3888 949 2263 728 1625 2111
281 8768 5825 8549 8040 6249 4938 5704 7437 728 8722 949 246 1336 6170 412 1181
228 9123 6213 8549 7434 2602 1020 2061 8722 4086 3543 250 7228 8895
29 4929 3843 8549 4027 6698 4683 8683 141 3885 2034 7352 6267 8125 8895
210 7810 1956 8549 4486 5769 8841 6698 4558 2034 2515 5682 9139 9688 1020 2111
385 5634 5795 2340 6213 4486 2279 6698 3375 4340 790 246 9688 7382 2486 7611 1208
354 3074 8483 1796 3557 9827 6020 712 6920 7949 5678 8175 3024 5522 5715 790 7642
15 2240 3745 1336 7459 5825 6213 4486 5350 7736 6351 5330 915 7413 790 7382 7414 3453
306 3392 321 482 450 6468 871 6506 3146 8722 7413 790 854 728 2586 4766 3743
216 3392 5155 7399 5704 2314 8683 2764 2863 5359 9199 9007 6547 854 790 7352 2586 4766
446 3392 6265 2240 9636 712 523 366 5679 5715 4821 790 1496 4761 412 4541 3743
440 7232 578 7459 3557 232 360 4938 2856 7340 6920 745 2863 2962 790 1625 7611 4060
479 8098 7459 7012 2279 5704 7340 9265 3153 5522 273 790 3895 6265 3453
81 7713 4486 8615 10 5547 4683 7437 3375 6351 5330 6226 9013 790 7414 4060
289 9728 5155 9636 9123 3017 2602 1323 523 4814 5359 79 3637 790 22 5307 1020
279 4356 3012 4486 5948 5704 7115 5547 4683 5135 1905 6258 7285 790 6519 7413 6265 5692
25 8416 3843 3079 935 4938 4140 7503 79 2034 7285 790 1336 6267 191
234 3745 5634 871 6506 7434 8140 8750 3375 6351 7642 1042 79 790 4985 2586 4541
361 5509 5350 7115 2764 7437 8750 1072 915 4340 790 4761 5948
419 5825 7233 3843 7174 1439 7115 2124 8895 1042 7762 3637 790 3766 4985 3743
129 7713 9666 8387 6020 5350 4134 6698 9035 2764 2061 2124 3888 7413 790 1309
163 8768 3745 321 1796 4356 4134 1032 6249 10 6379 790 4761 6170 7611
94 5634 9636 1668 1032 1323 3660 8750 6224 4721 9265 246 1208 2555
246 3074 9636 8040 5929 10 1323 8683 6956 1262 3375 6639 523 7642 7611 4060
313 8098 7459 2340 4486 6506 1323 6956 2669 9102 5522 6226 4340 6295 4761
157 482 9666 1496 8040 1032 1323 5547 3536 5880 5941 9013 3895 728 6267 8895
229 5634 8483 5155 712 1323 2124 8175 5682 2034 9139 7413 3895 3417
393 5825 4356 133 2406 4039 871 2918 2340 1323 3536 7925 7382 9688 4541
344 7459 1668 8387 3079 1323 1020 5359 3536 9199 5522 2515 4821 7925 3637 9688 7228 4541 6295
86 8768 2240 3074 8579 935 1323 6859 8683 3536 4721 9968 915 6547 3637 6457 1309
444 2240 7713 5155 4356 4134 1032 2856 7434 1323 9102 5135 3375 7642 1072 6639 6101 2586 7611
34 1796 3079 523 7459 5795 935 1323 815 3375 8885 3153 7762 7382 2263 728 232 4721 6519 250
139 7012 3557 296 1323 4588 7437 5678 1935 2289 9305 1181 191
282 578 9666 2918 6506 1323 4683 2764 8722 5941 5754 2586
208 7232 9728 9636 3557 2918 712 3017 1323 3024 5330 6258 7285 412 4027 1084 8125
126 3392 3074 8841 4140 7437 6639 4880 4721 5330 9007 7382 2486 9688 6170 3743
366 9728 9442 8387 360 296 1195 4814 8175 2515 8885 6295 9688 1084 1439
185 7232 3745 7810 9827 4356 6020 2856 745 4588 4814 5678 4340 8885 9688 1439
233 4704 7810 8615 1032 2856 935 4060 7437 9688 1625 5692 1208 191
476 7810 3362 6468 2406 1496 6920 3660 2061 8885 9688 4766 8895
376 5059 2406 8040 5547 7437 366 815 5679 5359 8722 2515 1042 949 9688 7228
84 3392 321 5155 6468 3557 871 4039 935 6379 2962 4821 7382 7414 9688 4985 1181
104 7713 1383 712 6506 4558 5135 5330 915 8469 7414 3895 9688 949 7228 3743
203 7232 296 3017 2602 2669 1935 3024 273 5715 4693 9688 3417 5307
321 4704 2240 2203 2669 7503 3888 1905 3153 915 8722 7413 2486 3766 9688 7611 1181
485 2 1796 7012 2279 7437 8750 5135 728 141 8722 2263 9688 8895
471 8768 5825 9666 3843 3362 6213 9123 6698 7115 1935 7699 4340 7925 9688 4027 8125 4766 2111
177 482 3843 8387 7174 1383 3146 6379 8683 3885 6607 3375 6351 3895 9688 6267 1208
356 4929 9636 5350 360 2314 4683 8683 2669 3146 7736 9968 3153 9139 7699 7285 3895 1496
26 3392 4704 450 2340 4134 7399 2764 3895 9102 6639 2124 5682 2741 8885 6519 2263 2555
260 482 9666 450 7012 5350 5929 2314 9035 4076 8683 4880 6226 6547 3895 1496
64 3745 5059 1796 4486 2279 6920 5135 1905 4721 6226 1042 4821 949 3895
460 6468 1956 2764 5679 3536 6639 6258 7474 5330 7925 7382 3895 1336 4340 7611 8125
249 482 3843 9442 450 2340 712 2314 2669 7949 5135 3895 4761 1020 191
19 523 9102 5135 2962 2586 2340 8885 3895 6468 6226 7382 854 4060 4326 232 4721 6258 4340 2555
408 7232 9123 10 1195 7340 2863 2289 8885 3766 3895 9013 2203 3453 4766
8 2240 321 5059 3557 7399 6379 779 1908 7925 3895 7228
293 7810 5795 4356 4326 5929 2764 4076 5359 6258 5941 3895 1309 4766 2111
435 7810 9666 1195 3660 7437 4558 7215 141 9265 9013 3895 3417 191
54 4356 4326 935 1032 5704 4938 8140 8750 3536 854 2263 7352 9305 2203 7228
161 6020 3079 2962 6547 7699 3745 4134 2856 4140 3885 3375 1208 7228 8768 5704 4938 3153 8416 1905 1020
230 5509 4938 4683 8750 1905 2515 7925 9013 728 6425
36 9728 4929 3074 9636 6213 2406 2340 4938 5679 3888 5522 2034
137 4704 7233 5634 7459 2818 2406 7399 4938 9007 5941 246 1336 6265 2111
276 5634 4486 7399 6054 4938 8750 815 949 7382 7285 7642 7611
434 8416 3362 7459 5155 5350 6920 10 4938 1262 4814 1084 915 9013 6425 1020 8125
484 7713 578 1956 2406 871 4039 4938 779 7215 4880 1905 7503 6226 5880 4027
39 5825 1796 1956 7012 4938 6379 6859 8750 6258 915 8469 7382 2486 2263
31 3392 1796 2406 2279 7399 712 4938 779 141 7438 5135 1908
388 8674 9666 5509 6920 4938 6379 7115 2124 6351 6224 4821 2741 1020 4541
130 4326 5704 3017 4938 7115 523 7437 5359 6226 5682 949 7414 2555 5692 3743
12 1956 6020 360 3464 4362 6607 3375 5135 3024 2289 5880 7413 1208 1084 1181
311 5825 4356 3557 3012 1383 3464 6698 2124 7215 5135 8175 2034 8885
496 8483 9636 5509 3464 9035 8683 9102 5135 273 979 8885 4541
182 5059 4356 3012 6379 8750 5135 6607 1905 9102 2263 1181
304 3012 4039 1032 8841 5135 3536 4721 6258 915 5679 6547 2555 9305 4027 4060 8895
221 3392 4356 2918 2856 7736 779 2061 366 5135 3637 9013 1336 4985 5692
428 5155 7012 3017 2314 779 7340 4588 5522 9139 8885 2486 2111
102 4704 3745 5634 4356 9636 1956 7012 8040 1032 779 6859 2764 7438 1905 6258 2515 1020
423 7810 6054 871 1032 6698 779 3660 2764 7736 1905 6547 5941 3637 1208 4766
348 5634 5795 3362 6020 3012 935 360 779 4140 9199 5682 6547 6265 5692
6 3392 3012 2406 3079 2279 7399 2918 779 3017 5679 9199 4340 4821
371 6468 4486 1032 779 2764 141 8750 5359 3536 2515 3543 7736 9305 3453
113 6213 2918 1032 779 4140 4880 6224 5330 9301 2263 1336 1625 5754
79 3392 3745 5634 4027 4039 779 6267 7340 6224 9968 7611
247 482 3557 2918 2279 779 1042 9139 2962 3766 6267 2111 8895
128 8768 5634 3843 3362 3012 1496 10 779 6379 4140 4558 523 9265 2486 6519 1208
449 7233 9827 1796 8835 7012 8615 8040 2314 779 2669 3885 9199 7285 2555 5307
190 9450 779 6607 3153 3637 6519 7352 4761 2111
450 5825 6265 6468 5704 9102 1072 5330 5522 2962 9305 5692 1181
405 8674 7810 4134 3417 5929 9035 7438 4880 2289 4693 9305 2203
83 321 5059 4356 6425 6506 7115 5547 2669 815 6639 7474 4821 9305 2555 4541
206 7713 7810 8994 5769 2314 3888 5682 1042 7285 246 7352 9305
422 5825 7459 5509 360 712 9102 5330 915 5682 1336 9305 6267 3453 2111
176 321 8615 360 6249 4140 2863 5330 854 6519 9305 2111
118 9728 4486 6249 9450 745 4588 5678 8175 1625 2289 9305 6170
156 578 1956 1668 6054 2279 6506 3885 6607 1625 5330 7699 1908 9305 4060 1181 3743
74 3392 3843 7012 7174 7399 7115 7215 3536 5679 7762 4340 7285 7414 9305
27 6265 7233 4027 5929 8683 2669 4880 3153 9301 728 9305 6267 7228
475 9728 9666 6213 5509 4326 3464 8750 8175 3153 273 7285 6457 2203
364 9442 8098 1668 6213 6920 2124 1262 7474 979 8885 6101 4761 5692 5535
80 8416 8098 8835 6213 2918 5704 4140 6639 2034 246 2263 5948
429 3392 3843 6020 6213 7174 6920 523 6639 9968 3153 7414 1208 6267 1020 7352
71 7233 450 3074 2340 3557 6213 2279 5704 6249 10 2856 2 3536 4721 6226 4821 4027
38 3074 6468 6213 4039 3017 9450 9102 1262 9139 5715 8885 6101 7611 3743
173 7233 482 3012 6213 4134 7115 6859 3885 1072 5330 2034 949 2486 2741 8885 7642 4541
169 3392 8674 8483 8994 6213 871 7399 232 2602 523 2669 815 1905 6258 7474 1496
205 6213 7174 871 8841 2124 6413 3885 7925 3543 4761 5754 5948 4541
181 8416 8098 8483 5155 6213 8615 3464 5929 7434 9450 523 6226 3543
305 6213 2279 5769 6698 4558 7215 7474 8885 3543 7736 4761 1084 5535
252 7012 2279 871 8841 6379 6859 8750 9102 4558 1905 915 9139 246 7382 412
55 578 7810 8483 1956 4814 2034 915 949 4086 6295 9013 6101 1020 1309
338 5509 6859 2124 7949 7503 1905 915 2515 949 3417 7611 5535
441 8674 7012 871 360 745 1072 1905 915 4821 7642 5692 4766 1439
187 9728 9442 9666 9123 8579 2602 2669 7438 3024 5330 915 5535
263 4134 4039 8615 6920 10 1383 6639 3536 915 1908 8469 9139 6101 7642 2555 3453
296 4704 7459 3843 7399 1032 6249 4683 915 2515 22 412 8895
195 8416 6265 8841 4683 523 7437 915 5941 4086 2263 6425 4060
299 9442 5704 2314 4683 9450 2061 3536 8722 7762 8469 1625
372 5634 8994 9636 2406 296 10 4814 8469 5941 1496 1625 1309
93 3392 7233 6468 4356 3146 3660 4558 2515 4340 8469 854 728 1309
369 5059 871 232 7434 6379 2764 6413 7215 2034 8469 2586 1181
380 3392 7459 8483 4326 4039 3079 871 2602 5678 3375 8175 7762 8469 6170 4060
110 5634 2406 5704 712 7503 5330 1908 8469 2486 1208 1625 5754
285 4704 5634 6020 2406 4039 9199 8469 7382 949 1208 2586 7611
48 3557 7174 7434 6379 6413 366 6639 4880 1905 8469 2741 7285 4985 2586 2555 4541
298 3745 3074 5059 7174 2918 232 7434 7949 6639 5359 8722 2962 8469 728 7642
204 9827 712 5769 1262 3888 273 8469 854 6170 6014 2111
437 7233 482 1956 4134 2669 815 5359 5880 6226 2515 5682 8469 2741 6519 6295 3417
73 8416 7232 9728 9123 4985 8040 366 5678 3024 9265 1935 6547 7699 7285 6101 2263 7762 6457
307 3017 9035 4140 141 366 2124 7438 5522 2741 3417 2111
162 321 6170 6054 2856 10 6859 7115 8140 8750 366 9102 3375 4821 6425 5754 5307
436 9728 5509 4039 296 5769 10 6413 366 1084 2863 2289 4340 412 7228
353 4704 9636 4140 8140 366 4880 4721 7925 246 854 4060 3743
243 4704 9728 5509 3079 3464 5929 2602 4060 366 2863 2741 9013 2263 6425 1084
420 5634 1668 3557 4486 8615 9450 9035 8683 141 9968 4721 7699 2203 1439
184 8416 5634 1668 3660 6413 7503 3375 1905 6224 7736 1309 2111
158 4985 7459 3012 3079 871 1496 3660 9102 815 4558 6639 2515 7413 246 728 6425 5692 1181
121 6468 7174 3464 9035 7949 815 3024 5715 6457 5692 1439
10 4704 4929 1796 4486 3079 232 6920 10 7434 815 79 4721 6258 7413 7382 7352 3453 3743
458 3012 4134 4326 232 3017 6379 2061 815 3153 2034 5682 2263 4985 5948 1181 4766
123 7810 4683 6956 2061 815 1935 273 2034 5359 3417 5307
231 8768 6054 3079 3660 7340 8750 6351 3153 7762 8885 4761 7611
66 3362 5795 8835 5155 5929 8683 8750 4814 5682 7699 5941 7285 6101 2555 2203
451 450 8387 2279 7736 3660 8750 1072 1905 2515 7925 7285 1496 7228
427 8768 9442 8483 3362 8579 3464 745 3660 4558 3536 8885 1336 7611
202 7233 1956 1032 5547 6379 9102 1935 6224 5330 7925 9301 2586 7611
273 3745 450 6468 3079 360 5769 7434 2314 1496 4558 4880 7474 7382 22 7352 4027 4060
396 3745 8674 5059 7713 1956 8579 3079 2 6379 4683 2061 9265 7474 7352 1625 1020
288 2240 3745 2279 8615 935 5547 4140 8140 2034 5682 4340 854 246 5880 1625 5948 191
77 8768 3745 6020 2918 1383 8841 6506 3660 6351 4880 7503 6224 7699 1181 4541
112 3745 7713 3557 8615 8040 6249 5704 3660 4140 7340 8140 3153 6226 949 2486 5880
217 8768 3745 8416 8387 1796 4356 2340 3079 1032 232 7437 2061 6351 1262 9199 6226 2486 1439
472 5059 4134 2279 6607 7215 5679 6639 3888 7382 5880 4985 4027
477 8040 5929 9450 9035 3146 7215 6224 1905 2034 7762 2586 412 1181
325 9666 6170 8387 7399 6249 523 7215 728 7925 6101 2263 1208 7642 7228 1181
242 5825 4929 8615 8040 232 360 4683 9035 7215 3153 7699 7285 2555 2111
149 7399 1439 4683 6859 9968 2034 7925 3453 6170 6267 1309 8895
44 3392 7713 578 4356 4362 8125 7925 5754 854 6295 4761 2586 4541
255 1439 6379 8140 2124 2669 1262 6224 7925 3453 6014 191
122 578 9666 3362 450 8615 3017 250 7115 79 2962 7925 7642 191
17 9666 8040 6506 4076 7437 6639 496 5715 5754 7228 191
447 4704 450 9636 4486 1383 6506 7437 3536 6547 2741 6519 7352 4541
492 321 4486 3079 8841 6506 6379 7434 7437 6351 4880 6258 9139 4821 7414 1625 7642
283 8098 8835 7012 6506 9450 4588 5678 1935 3888 5880 1181
63 8674 3074 9636 1668 871 6506 5547 4076 6698 7949 9199 6224 79 3766 5754 3743
175 7232 8483 7012 3012 4039 3464 6249 6506 3024 9968 5682 7736 1439
413 3392 3557 2279 1032 360 6920 4683 1905 4721 4761
148 4704 5825 8416 2279 8040 7434 7115 1905 1042 9139 949 7382 854 5754
160 8768 578 9636 1956 6020 232 10 9102 5679 1072 1905 6258 6639 8722 7438 7414 4985
68 3464 8841 523 2061 7949 2203 5679 2741 5825 4929 450 5704 4060 360 6639 1905 6258 5754 3453
212 9827 9123 745 9450 2602 7736 2515 4693 7352 2586
147 7232 3362 2279 5704 712 1262 273 2289 4821 8885 3417 1084
91 8768 7713 8994 2279 3017 7340 6639 5522 949 7382 412 6170 7228 3453
373 5825 482 3074 9636 5350 2279 8841 9102 4880 949 4821 6519 2586
248 3012 3079 871 2279 7115 2669 1935 2034 5682 4340 3766 1336 6425 7352
300 3392 578 3843 1956 4486 2918 5704 2061 5330 3453 9301 1625 4541 8895
238 5825 578 4929 133 5350 6698 9035 6607 6224 5330 5522
378 578 5795 5509 3660 7437 3153 5330 273 1042 4821 3766 7762 3743
46 8387 7174 8040 3464 6698 2061 9102 4814 273 4821 3743
266 7810 8098 9666 4134 8040 2602 6956 2669 979 3417 5692 2111
274 4486 3079 6920 10 4880 8722 7459 4134 9007 949 2741 7352 5948 6468 7503 5330 979 1496 3557 8040 232 6267
28 3843 6468 3557 4356 871 232 360 10 6379 4060 4326 5880 5522 1336 6425 5948 7352
445 8416 871 360 5929 4683 7340 4140 9007 5682 9139 979 7285 3766
424 8768 7713 2240 3843 5350 871 935 8841 3660 141 979 7413 854 7352 4761 3453 4766
47 9442 9636 871 232 8615 5929 1262 3417 2586 6267 3453 2111
377 2240 450 6249 5929 3146 4076 1262 2863 273 6547 4821 2741 6295 412 8895
432 3362 1796 1383 2856 3017 7736 4076 3888 8722 4340 4821 4086 1336 5754 2555 4766 1439
96 5795 8579 4486 1383 5769 4588 2669 4821 7352 5948 1181 191
196 9728 321 9636 2408 3017 7434 1935 5359 7156 4821 3766 4086 4693 2263 4027 412 3453
180 4929 8835 6468 4486 7174 7115 8175 5359 273 9013 4985 2586 2203
37 8994 3557 4039 1032 232 3017 7115 5678 7503 7474 2034 2962 3637 7413 7352 4060
349 5059 9827 133 2918 8387 5535 7115 6956 3743 4086 2111
464 8098 5059 1796 3362 4039 360 3017 5535 2856 4880 7699 2263 2111
225 7810 1796 3417 3017 9450 6859 6956 9199 3153 979 1496 6457 2203
453 6265 1796 5350 5769 2602 6639 5522 5682 1042 5715 6425
443 8098 3843 1796 5350 8615 4683 4140 141 8683 9013 4060 8895
328 8674 5059 1032 5769 2856 6226 5941 6265 1534 8895
5 4356 7174 1032 232 5769 8841 7437 3375 1935 4761 1181 6014 3743
381 8416 3074 7012 2406 7174 5547 8140 7437 9102 4558 7503 5941 1336 2555 5948
295 2 6020 7174 1383 3017 8140 2061 7503 6351 3153 5754 1208 2586 1020
340 9728 9123 6468 7174 8841 6698 3146 4588 5678 1935 3536 79 9301 246 3417
197 8768 3843 3012 6054 1032 6249 3660 6607 5359 6258 5941 2741 1336 4541 4766
278 8674 8579 2406 6249 5769 6956 6639 6607 2034
100 5825 482 4929 6020 6920 6607 79 9265 979 1908 9013 5754 854 7642 6267
402 7810 8098 450 2918 2406 6249 6859 8140 4814 4340 7285 6265
350 7233 9442 8098 5155 4039 3464 712 1383 9035 4588 3536 3637 246 6295
404 8098 4134 6920 3017 9450 7949 1262 2863 4761 6547 7413 6425 1181 191
142 7232 5251 2406 7949 6351 6224 4721 5522 3024 4340 7285 2486 4086 1496 6265 1181
194 8674 8835 8579 2918 3079 6054 7340 1072 7474 5715 2741 2486 6519 4086 6101 2111
294 8416 4929 8098 3362 4326 3079 2856 3017 5929 6920 7949 1935 79 5682 6519 6457 2203
301 4929 8098 5795 2340 3079 360 3017 7434 3464 712 2061 4558 6639 1208 3417
324 7713 8098 9827 8615 523 5678 8175 1625 273 4761 7228 4541
53 450 3843 5155 2314 9102 1935 6224 9007 2034 7414 3543 2203 5948 4766 5535
482 9123 7012 3017 8683 4076 8175 1935 2289 2863 4340 7285 246 2586 2203
262 6468 1956 2406 2918 4060 4140 7503 6639 6258 6547 949 6519 7352 5692
397 5795 8835 7012 6457 2314 5547 4814 5679 7699 6265 1084
271 4326 8615 1032 5547 1072 4721 5682 854 7352 6265 2555 1439
387 9442 3074 1956 6020 5350 6054 5704 6920 1668 3660 6351 8175 1908 2741 8885 6519 6295 5692
92 3843 5795 6249 9035 7340 2669 3888 2034 6519
417 4929 8994 7012 5509 5769 141 1072 9265 6226 5941 3637 1208 6265 412 191
119 8674 7459 8387 5350 6639 7503 3888 5682 8722 5941 2486 8885 1208 5948
494 9636 4134 360 6249 5769 7340 8140 2124 7949 8722 6547 7285 7382 6101
473 321 6468 5350 8841 9035 2124 2061 141 3885 7699 9013 7382 6170 5535
33 7713 3362 8483 9636 450 2 6920 7736 4683 6956 141 2863 9199 1908 7352 6267
332 1383 232 3017 2764 7949 3536 4721 1072 1908 1496 6425 2555 4060 191
499 5795 9827 8615 7399 3017 3146 935 2124 2061 5359 3024 79 3637 9013 2555
379 5350 7399 5704 7434 4683 2061 6413 273 9301 7642 6267 5692
459 7810 3017 7340 2061 3637 3766 1336 6425 1020 2111
442 7233 6170 360 10 8683 3660 7437 3888 1042 979 1309 2111 3743
483 9123 4486 296 4076 2863 3024 2289 979 3766 6295 4086 3417 2203 412
67 8098 6468 5704 8841 5535 8683 4588 4060 1072 6226 2962 728 6170 1020 191
394 8579 8841 9450 4683 6956 745 3888 8885 2586 5692 1309
90 9666 5769 4683 3660 6956 6224 1625 5941 6101 5880 4985 8895
115 7233 8674 3843 9442 5350 7340 3660 4814 2863 3885 1042 7642
174 8483 9827 712 6249 7434 9450 4076 8683 3146 2863 2486 6425 5307
89 9442 9123 2 5509 6054 1439 9035 8175 6014 5941 2486 3417 4766 5535
323 9442 8835 4356 9636 5155 2 523 4814 8175 5330 2486 4086 191
131 5155 9123 1956 5350 1496 296 4134 8387 2124 5678 3024 4340 7156 2486 728 250 4766
75 7713 7810 9636 6249 3017 2314 745 7474 5682 4086 4985 5692
416 5509 2602 3146 2124 5678 3536 3888 2962 6101 1496 2203 1084 191
374 2340 3464 8841 5929 7340 2061 6956 3536 6226 9013 6265 4060
199 9728 8483 5350 2602 6956 4588 9199 3536 4880 2962 4693 412 1439
368 7810 8483 8098 6020 5535 745 4076 4558 1072 4086 191
144 7810 9827 4134 9450 4076 2669 4558 5679 9007 2289 979 6295 6170
342 8674 3843 3362 3464 9450 523 7437 4558 9007 2034 1042 6425 5692
359 7810 5795 8994 8615 6956 4814 8175 1935 2034 7413 6170 4060 4541 4766
189 7233 8674 7012 712 6920 2124 7437 2863 2034 6457 5692 4766
308 8768 4929 7810 8098 7713 450 4134 6020 141 1262 5679 4880 6101 6295 6265 1020
132 8416 3074 5795 2918 3017 4140 2124 1935 3766 3543 7642 1020
133 4929 321 8579 5509 1383 5704 5769 3017 5678 6351 8175 979 8885 4693 6295 3417
213 4929 5825 6249 5769 9035 141 8175 5359 9199 3637 3543 191
389 8768 5795 9123 296 2408 3146 8175 2863 273 4693 4086 9013 1439
41 8768 8674 7810 8483 2340 1439 6920 2314 523 5941 5880 5535
315 8768 5795 5350 10 2124 9968 979 3637 7352 6265 5754 4027 4060
258 8768 745 9450 2602 6956 2669 1262 6224 3153 9013 1309
164 7232 9728 5795 7012 745 8140 4880 3024 8885 22 6295 6457 1084 191
240 7810 8483 2918 3464 8683 8175 273 3417 4060 2111
421 8835 9827 5155 2918 4076 6956 1042 9139 6457 1084
490 450 9123 3012 296 9450 3146 2863 1072 8895 3024 9968 1084 5535
497 7232 8098 8483 5155 2314 2602 7736 1072 9301 7352 3417
85 482 2314 2602 4076 6698 3146 8175 2863 2289 6226 7762 1625 1084
219 482 9442 5929 6698 9035 2764 1262 7503 273 2741 3766 6295 4766
136 4929 9666 5795 7012 3074 2340 9035 7340 2124 7503 5682 2741 2263 2111
103 7012 5350 6457 9450 8683 7503 3024 1935 3543 6265 2555 1309
253 9728 7233 9442 3543 8994 9035 6956 6413 7503 3888 3024 6295 3417
489 7232 9123 4027 5929 6698 5307 5678 2863 2289 6267 1084 5535
462 2240 9123 8579 6457 8683 2669 5678 8885 4761 6267 1084 1439
438 4929 8674 5948 4134 6698 2124 2669 3153 5682 5941 854 5692
275 9442 7012 1032 3464 9035 7340 3766 854 3417 8895
448 8483 5155 5509 5350 1383 296 5929 4060 7949 5678 2863 6224 6457 1084 1439
116 9827 5704 5769 360 5929 8683 6956 9007 6547 728 191
154 7232 321 2764 4140 6956 4588 8175 5682 4086 728 2203
439 4929 7810 3012 6054 5704 360 3146 523 2764 3153 3766 3543 728 6265 8895
465 5825 9442 8098 1668 3464 2314 7438 8175 3888 8885 6425 4060
455 7232 5795 6457 4076 6956 4588 2863 6413 7438 9139 8885 1496 6425
457 5825 9827 8579 3417 2124 4588 7949 5682 3766 4086 6457
412 7810 8098 9636 9666 5155 360 712 4588 5678 2741 412 4766 5535
331 9666 3362 4388 2 1032 296 2408 3146 2863 7156 2741 4693 9301 7352 2111
409 6265 8674 935 2314 4076 6413 273 4761 5535
95 9442 7012 2314 4683 7340 7949 1262 9199 273 4761 2203 4766 1439
407 3362 5795 5155 6457 5769 2602 2669 141 3024 2741 6101 2263 4761
345 7232 8483 8835 9123 2602 8683 1935 2863 5692 8125 1439
326 7810 5795 8835 2856 745 9450 6956 6413 3417 5692 1309
495 9442 8387 2340 5509 3464 3146 9035 4076 2669 4814 2863 6265
468 191 8098 9442 8835 1439 6956 5678 9013 6265 6170 2111
341 7232 9442 2408 4060 2061 4814 3885 7949 2289 4693 7285 412 1084 1439
310 9728 9827 935 3464 9450 8895 3766 22 1625 1309 2111
317 3074 2 296 2408 4588 4076 4814 6413 2289 22 8895
318 7233 7810 8835 4134 712 6956 1262 273 7156 3766 5880 8895
491 8416 7233 3362 8835 321 5509 4326 232 2856 2764 4814 9968 273 7699 6457 6170 191
214 8994 5795 8483 8835 360 4076 2124 9199 273 8885 6295 1625 2263 3453
297 7233 8674 9827 8579 1383 5929 2314 8683 6956 745 8175 1935 2962 6295
72 8416 3362 3843 9827 8835 5929 3885 3888 4693 2555 6457 5307
183 8416 9728 8483 8835 5155 6020 2856 712 9450 8683 1262 8175 979 3453
461 9728 3362 6020 2408 4588 1935 2863 2289 5522 4693 5880 1309 1084 3453
367 9442 8483 1668 3464 5929 9035 1262 4814 3888 6014 4766
259 296 2602 141 5678 8175 2863 2289 5359 8885 3543 3417 2203 5535
486 7232 8835 9123 3464 4076 3885 3417 6014 191
346 7232 8098 8483 7012 3074 8994 9450 4588 9199 4086 6457 191
411 9827 5155 2340 4326 712 745 2602 2124 4588 5678 2263 6457 5535
290 8387 3464 5535 9450 8683 4076 2669 2856 273 9139 6295 1496 2111
215 8483 5795 8835 7012 2314 9035 4814 5678 9199 5880 6457
337 9827 5509 296 2408 2314 2602 6413 2863 9007 7156 4693 2203
481 9666 9827 2314 8683 2602 5678 2863 3024 2289 2263 1625 1309
22 6020 1383 296 2408 2314 712 4588 6956 1935 4693 6295 3417 1084 8125
270 7233 8994 9827 9123 5509 296 5929 2602 2863 2289 9139 9013 22 6101 1309
431 7232 8994 1668 5929 9450 4588 1262 8175 2741 6295 2263 4027 412 5535
392 9728 8098 8483 5795 3362 5155 9123 2602 3024 979 1084 8125 5535
11 7232 9728 5509 6054 4588 5307 1262 8175 2863 273 2289 9968 3417 6170 2203
314 9666 8835 296 2408 1439 4076 3024 2289 2263 1625 412 5535
309 7232 9728 4134 2408 3146 8683 5678 2863 273 2289 9013 6295 6457
330 7232 9728 8098 296 2602 7949 2863 3024 273 2289 5359 1042 4693 7285
355 7232 9827 296 2408 6413 4814 8175 3024 9007 2962 412 1084
236 4388 1383 296 2408 712 8175 3024 7156 4693 22 2203 1084 1534 1439
454 4388 7012 2408 1935 3024 2289 9935 7156 4693 4086 6295 2203
